2023-01-21 14:34:16,093 [INFO] Activator:179 - 


2023-01-21 14:34:16,094 [INFO] Activator:180 - !SESSION log4j initialized
2023-01-21 14:34:39,928 [ERROR] LogOutputStream:74 - [STDERR_REDIRECT] SLF4J: Failed to load class "org.slf4j.impl.StaticLoggerBinder".
2023-01-21 14:34:39,929 [ERROR] LogOutputStream:74 - [STDERR_REDIRECT] SLF4J: Defaulting to no-operation (NOP) logger implementation
2023-01-21 14:34:39,929 [ERROR] LogOutputStream:74 - [STDERR_REDIRECT] SLF4J: See http://www.slf4j.org/codes.html#StaticLoggerBinder for further details.
2023-01-21 14:37:32,197 [INFO] Activator:179 - 


2023-01-21 14:37:32,198 [INFO] Activator:180 - !SESSION log4j initialized
2023-01-21 14:37:56,137 [ERROR] LogOutputStream:74 - [STDERR_REDIRECT] SLF4J: Failed to load class "org.slf4j.impl.StaticLoggerBinder".
2023-01-21 14:37:56,139 [ERROR] LogOutputStream:74 - [STDERR_REDIRECT] SLF4J: Defaulting to no-operation (NOP) logger implementation
2023-01-21 14:37:56,139 [ERROR] LogOutputStream:74 - [STDERR_REDIRECT] SLF4J: See http://www.slf4j.org/codes.html#StaticLoggerBinder for further details.
2023-01-21 14:38:14,117 [INFO] McuFinderGlobals:52 - Set McuFinder mode to 2 (CubeIDE integrated)
2023-01-21 14:38:14,224 [INFO] ApplicationProperties:181 - Using Application install path: /opt/st/stm32cubeide_1.11.0/plugins/com.st.stm32cube.common.mx_6.7.0.202211181646
2023-01-21 14:38:14,240 [INFO] DbMcusXml:77 - Set database path to: /opt/st/stm32cubeide_1.11.0/plugins/com.st.stm32cube.common.mx_6.7.0.202211181646//db//mcu/
2023-01-21 14:38:14,241 [INFO] ApiDb:273 - Set plugin database path to: /opt/st/stm32cubeide_1.11.0/plugins/com.st.stm32cube.common.mx_6.7.0.202211181646//db//plugins/boardmanager/
2023-01-21 14:38:14,243 [WARN] ApiDb:258 - Overriding images path with different value:  => /opt/st/stm32cubeide_1.11.0/plugins/com.st.stm32cube.common.mx_6.7.0.202211181646//db//plugins/mcufinder/images/
2023-01-21 14:38:14,258 [INFO] ApiDb:249 - Set database path to: /home/delcoii/.stmcufinder/plugins/mcufinder//mcu/
2023-01-21 14:38:14,260 [INFO] DbMcusAds:124 - Set database path to: /home/delcoii/.stmcufinder/plugins/mcufinder//mcu/
2023-01-21 14:38:14,561 [INFO] CrossReferenceDbSqlite:202 - Set database path to: /home/delcoii/.stmcufinder/plugins/mcufinder//mcu/cs/
2023-01-21 14:38:14,663 [INFO] RulesReader:61 - Compatibility file has been processed (283 Rules)
2023-01-21 14:38:14,718 [INFO] DbMcusXml:77 - Set database path to: /opt/st/stm32cubeide_1.11.0/plugins/com.st.stm32cube.common.mx_6.7.0.202211181646//db//mcu/
2023-01-21 14:38:14,718 [INFO] ApiDb:273 - Set plugin database path to: /opt/st/stm32cubeide_1.11.0/plugins/com.st.stm32cube.common.mx_6.7.0.202211181646//db//plugins/boardmanager/
2023-01-21 14:38:14,719 [INFO] ApiDb:260 - Set plugin images path to: /opt/st/stm32cubeide_1.11.0/plugins/com.st.stm32cube.common.mx_6.7.0.202211181646//db//plugins/mcufinder/images/
2023-01-21 14:38:14,719 [WARN] DbFile:40 - Overriding database path with different value: /home/delcoii/.stmcufinder/plugins/mcufinder/ => /home/delcoii/.stmcufinder/plugins/mcufinder
2023-01-21 14:38:14,719 [INFO] ApiDb:249 - Set database path to: /home/delcoii/.stmcufinder/plugins/mcufinder//mcu/
2023-01-21 14:38:14,719 [WARN] DbFile:40 - Overriding database path with different value: /home/delcoii/.stmcufinder/plugins/mcufinder/ => /home/delcoii/.stmcufinder/plugins/mcufinder
2023-01-21 14:38:14,720 [INFO] DbMcusAds:124 - Set database path to: /home/delcoii/.stmcufinder/plugins/mcufinder//mcu/
2023-01-21 14:38:14,720 [WARN] DbFile:40 - Overriding database path with different value: /home/delcoii/.stmcufinder/plugins/mcufinder/ => /home/delcoii/.stmcufinder/plugins/mcufinder
2023-01-21 14:38:14,721 [WARN] DbFile:40 - Overriding database path with different value: /home/delcoii/.stmcufinder/plugins/mcufinder/ => /home/delcoii/.stmcufinder/plugins/mcufinder
2023-01-21 14:38:14,721 [INFO] CrossReferenceDbSqlite:202 - Set database path to: /home/delcoii/.stmcufinder/plugins/mcufinder//mcu/cs/
2023-01-21 14:38:14,784 [INFO] MainPanel:252 - HeapMemory: 268435456
2023-01-21 14:38:14,876 [INFO] DbMcusXml:77 - Set database path to: /opt/st/stm32cubeide_1.11.0/plugins/com.st.stm32cube.common.mx_6.7.0.202211181646//db//mcu/
2023-01-21 14:38:14,876 [INFO] ApiDb:273 - Set plugin database path to: /opt/st/stm32cubeide_1.11.0/plugins/com.st.stm32cube.common.mx_6.7.0.202211181646//db//plugins/boardmanager/
2023-01-21 14:38:14,876 [INFO] ApiDb:260 - Set plugin images path to: /opt/st/stm32cubeide_1.11.0/plugins/com.st.stm32cube.common.mx_6.7.0.202211181646//db//plugins/mcufinder/images/
2023-01-21 14:38:14,877 [WARN] DbFile:40 - Overriding database path with different value: /home/delcoii/.stmcufinder/plugins/mcufinder/ => /home/delcoii/.stmcufinder/plugins/mcufinder
2023-01-21 14:38:14,877 [INFO] ApiDb:249 - Set database path to: /home/delcoii/.stmcufinder/plugins/mcufinder//mcu/
2023-01-21 14:38:14,877 [WARN] DbFile:40 - Overriding database path with different value: /home/delcoii/.stmcufinder/plugins/mcufinder/ => /home/delcoii/.stmcufinder/plugins/mcufinder
2023-01-21 14:38:14,877 [INFO] DbMcusAds:124 - Set database path to: /home/delcoii/.stmcufinder/plugins/mcufinder//mcu/
2023-01-21 14:38:14,877 [WARN] DbFile:40 - Overriding database path with different value: /home/delcoii/.stmcufinder/plugins/mcufinder/ => /home/delcoii/.stmcufinder/plugins/mcufinder
2023-01-21 14:38:14,877 [WARN] DbFile:40 - Overriding database path with different value: /home/delcoii/.stmcufinder/plugins/mcufinder/ => /home/delcoii/.stmcufinder/plugins/mcufinder
2023-01-21 14:38:14,877 [INFO] CrossReferenceDbSqlite:202 - Set database path to: /home/delcoii/.stmcufinder/plugins/mcufinder//mcu/cs/
2023-01-21 14:38:14,896 [INFO] ApplicationProperties:181 - Using Application install path: /opt/st/stm32cubeide_1.11.0/plugins/com.st.stm32cube.common.mx_6.7.0.202211181646
2023-01-21 14:38:14,898 [INFO] PluginManage:193 - Search for loadable plugins [exclusion list=, ]
2023-01-21 14:38:14,899 [INFO] PluginManage:307 - Check plugin analytics
2023-01-21 14:38:15,061 [INFO] AnalyticsPlugin:262 - Accepted Software Licenses: 
2023-01-21 14:38:15,062 [INFO] AnalyticsPlugin:264 - Accepted CMSIS Pack Licenses: 
2023-01-21 14:38:15,062 [INFO] AnalyticsPlugin:266 - Accepted Firmware Licenses: 
2023-01-21 14:38:15,067 [INFO] PluginManage:356 - Loaded plugin analytics (category:tool,tabindex:-1)
2023-01-21 14:38:15,067 [INFO] PluginManage:307 - Check plugin cadmodel
2023-01-21 14:38:15,110 [INFO] CADModel:104 - Init CAD model plugin
2023-01-21 14:38:15,111 [INFO] PluginManage:356 - Loaded plugin cadmodel (category:power,tabindex:5)
2023-01-21 14:38:15,111 [INFO] PluginManage:307 - Check plugin clock
2023-01-21 14:38:15,129 [INFO] PluginManage:356 - Loaded plugin clock (category:base,tabindex:2)
2023-01-21 14:38:15,130 [INFO] PluginManage:307 - Check plugin ddr
2023-01-21 14:38:15,132 [INFO] PluginManage:356 - Loaded plugin ddr (category:tool,tabindex:6)
2023-01-21 14:38:15,132 [INFO] PluginManage:307 - Check plugin filemanager
2023-01-21 14:38:15,264 [INFO] PluginManage:356 - Loaded plugin filemanager (category:base,tabindex:10)
2023-01-21 14:38:15,264 [INFO] PluginManage:307 - Check plugin ipmanager
2023-01-21 14:38:15,269 [INFO] PluginManage:356 - Loaded plugin ipmanager (category:base,tabindex:5)
2023-01-21 14:38:15,269 [INFO] PluginManage:307 - Check plugin lpbam
2023-01-21 14:38:15,276 [INFO] PluginManage:356 - Loaded plugin lpbam (category:base,tabindex:0)
2023-01-21 14:38:15,276 [INFO] PluginManage:307 - Check plugin pinoutandconfiguration
2023-01-21 14:38:15,283 [INFO] PluginManage:356 - Loaded plugin pinoutandconfiguration (category:base,tabindex:1)
2023-01-21 14:38:15,283 [INFO] PluginManage:307 - Check plugin pinoutconfig
2023-01-21 14:38:15,314 [INFO] PluginManage:356 - Loaded plugin pinoutconfig (category:base,tabindex:0)
2023-01-21 14:38:15,314 [INFO] PluginManage:307 - Check plugin power
2023-01-21 14:38:15,326 [INFO] PluginManage:356 - Loaded plugin power (category:power,tabindex:4)
2023-01-21 14:38:15,326 [INFO] PluginManage:307 - Check plugin projectmanager
2023-01-21 14:38:15,354 [INFO] PluginManage:356 - Loaded plugin projectmanager (category:projectmanager,tabindex:3)
2023-01-21 14:38:15,354 [INFO] PluginManage:307 - Check plugin thirdparty
2023-01-21 14:38:15,498 [WARN] IntegrityCheckThread:82 - waiting for thirdparty lock release [integrity check]
2023-01-21 14:38:15,499 [INFO] IntegrityCheckThread:84 - entering critical section [integrity check]
2023-01-21 14:38:15,499 [INFO] PluginManage:356 - Loaded plugin thirdparty (category:base,tabindex:-1)
2023-01-21 14:38:15,500 [INFO] PluginManage:307 - Check plugin tools
2023-01-21 14:38:15,501 [INFO] ThirdPartyUpdaterWithRetryManager:70 - Updater plugin not ready yet. [1/15]
2023-01-21 14:38:15,503 [INFO] PluginManage:356 - Loaded plugin tools (category:base,tabindex:7)
2023-01-21 14:38:15,503 [INFO] PluginManage:307 - Check plugin tutovideos
2023-01-21 14:38:15,668 [INFO] PluginManage:356 - Loaded plugin tutovideos (category:base,tabindex:-1)
2023-01-21 14:38:15,668 [INFO] PluginManage:307 - Check plugin updater
2023-01-21 14:38:15,682 [INFO] PluginManage:356 - Loaded plugin updater (category:base,tabindex:12)
2023-01-21 14:38:15,683 [INFO] PluginManage:280 - PluginManage : Loaded plugins [15]
2023-01-21 14:38:15,886 [INFO] PinOutPanel:1477 - setPackage(No Configuration,No Configuration)
2023-01-21 14:38:15,931 [INFO] CADModel:164 - CPN selected for project level
2023-01-21 14:38:15,932 [INFO] CADModel:113 - Register for checkConnection events
2023-01-21 14:38:15,944 [INFO] IPUIPlugin:79 - create IPUIPlugin
2023-01-21 14:38:15,945 [INFO] PluginManager:219 - loadIPPluginJar : add sai
2023-01-21 14:38:15,946 [INFO] IPUIPlugin:79 - create IPUIPlugin
2023-01-21 14:38:15,947 [INFO] PluginManager:219 - loadIPPluginJar : add spi
2023-01-21 14:38:15,950 [INFO] IPUIPlugin:79 - create IPUIPlugin
2023-01-21 14:38:15,951 [INFO] PluginManager:219 - loadIPPluginJar : add stm32_wpan
2023-01-21 14:38:15,952 [INFO] IPUIPlugin:79 - create IPUIPlugin
2023-01-21 14:38:15,952 [INFO] PluginManager:219 - loadIPPluginJar : add lorawan
2023-01-21 14:38:15,953 [INFO] IPUIPlugin:79 - create IPUIPlugin
2023-01-21 14:38:15,953 [INFO] PluginManager:219 - loadIPPluginJar : add ltdc
2023-01-21 14:38:15,955 [INFO] IPUIPlugin:79 - create IPUIPlugin
2023-01-21 14:38:15,955 [INFO] PluginManager:219 - loadIPPluginJar : add i2s
2023-01-21 14:38:15,956 [INFO] IPUIPlugin:79 - create IPUIPlugin
2023-01-21 14:38:15,956 [INFO] PluginManager:219 - loadIPPluginJar : add quadspi
2023-01-21 14:38:15,958 [INFO] IPUIPlugin:79 - create IPUIPlugin
2023-01-21 14:38:15,958 [INFO] PluginManager:219 - loadIPPluginJar : add comp
2023-01-21 14:38:15,959 [INFO] IPUIPlugin:79 - create IPUIPlugin
2023-01-21 14:38:15,959 [INFO] PluginManager:219 - loadIPPluginJar : add ucpd
2023-01-21 14:38:15,963 [INFO] IPUIPlugin:79 - create IPUIPlugin
2023-01-21 14:38:15,963 [INFO] PluginManager:219 - loadIPPluginJar : add nvic
2023-01-21 14:38:15,967 [INFO] IPUIPlugin:79 - create IPUIPlugin
2023-01-21 14:38:15,968 [INFO] PluginManager:219 - loadIPPluginJar : add gpio
2023-01-21 14:38:15,970 [INFO] IPUIPlugin:79 - create IPUIPlugin
2023-01-21 14:38:15,970 [INFO] PluginManager:219 - loadIPPluginJar : add opamp
2023-01-21 14:38:15,972 [INFO] IPUIPlugin:79 - create IPUIPlugin
2023-01-21 14:38:15,972 [INFO] PluginManager:219 - loadIPPluginJar : add pdm2pcm
2023-01-21 14:38:15,976 [INFO] IPUIPlugin:79 - create IPUIPlugin
2023-01-21 14:38:15,977 [INFO] PluginManager:219 - loadIPPluginJar : add adc
2023-01-21 14:38:15,980 [INFO] IPUIPlugin:79 - create IPUIPlugin
2023-01-21 14:38:15,980 [INFO] PluginManager:219 - loadIPPluginJar : add touchsensing
2023-01-21 14:38:15,982 [INFO] IPUIPlugin:79 - create IPUIPlugin
2023-01-21 14:38:15,982 [INFO] PluginManager:219 - loadIPPluginJar : add tracer_emb
2023-01-21 14:38:15,984 [INFO] IPUIPlugin:79 - create IPUIPlugin
2023-01-21 14:38:15,984 [INFO] PluginManager:219 - loadIPPluginJar : add ts
2023-01-21 14:38:15,987 [INFO] IPUIPlugin:79 - create IPUIPlugin
2023-01-21 14:38:15,987 [INFO] PluginManager:219 - loadIPPluginJar : add fmc
2023-01-21 14:38:15,990 [INFO] IPUIPlugin:79 - create IPUIPlugin
2023-01-21 14:38:15,990 [INFO] PluginManager:219 - loadIPPluginJar : add usbx
2023-01-21 14:38:15,991 [INFO] IPUIPlugin:79 - create IPUIPlugin
2023-01-21 14:38:15,991 [INFO] PluginManager:219 - loadIPPluginJar : add genericplugin
2023-01-21 14:38:15,993 [INFO] IPUIPlugin:79 - create IPUIPlugin
2023-01-21 14:38:15,993 [INFO] PluginManager:219 - loadIPPluginJar : add usart
2023-01-21 14:38:15,995 [INFO] IPUIPlugin:79 - create IPUIPlugin
2023-01-21 14:38:15,995 [INFO] PluginManager:219 - loadIPPluginJar : add i2c
2023-01-21 14:38:16,001 [INFO] IPUIPlugin:79 - create IPUIPlugin
2023-01-21 14:38:16,001 [INFO] PluginManager:219 - loadIPPluginJar : add freertos
2023-01-21 14:38:16,006 [INFO] IPUIPlugin:79 - create IPUIPlugin
2023-01-21 14:38:16,007 [INFO] PluginManager:219 - loadIPPluginJar : add gic
2023-01-21 14:38:16,008 [INFO] IPUIPlugin:79 - create IPUIPlugin
2023-01-21 14:38:16,009 [INFO] PluginManager:219 - loadIPPluginJar : add cryp
2023-01-21 14:38:16,010 [INFO] IPUIPlugin:79 - create IPUIPlugin
2023-01-21 14:38:16,011 [INFO] PluginManager:219 - loadIPPluginJar : add gfxmmu
2023-01-21 14:38:16,016 [INFO] IPUIPlugin:79 - create IPUIPlugin
2023-01-21 14:38:16,016 [INFO] PluginManager:219 - loadIPPluginJar : add mdma
2023-01-21 14:38:16,017 [INFO] IPUIPlugin:79 - create IPUIPlugin
2023-01-21 14:38:16,018 [INFO] PluginManager:219 - loadIPPluginJar : add fatfs
2023-01-21 14:38:16,022 [INFO] IPUIPlugin:79 - create IPUIPlugin
2023-01-21 14:38:16,022 [INFO] PluginManager:219 - loadIPPluginJar : add dma
2023-01-21 14:38:16,024 [INFO] IPUIPlugin:79 - create IPUIPlugin
2023-01-21 14:38:16,024 [INFO] PluginManager:219 - loadIPPluginJar : add can
2023-01-21 14:38:16,026 [INFO] IPUIPlugin:79 - create IPUIPlugin
2023-01-21 14:38:16,026 [INFO] PluginManager:219 - loadIPPluginJar : add gtzc
2023-01-21 14:38:16,030 [INFO] IPUIPlugin:79 - create IPUIPlugin
2023-01-21 14:38:16,030 [INFO] PluginManager:219 - loadIPPluginJar : add resmgrutility
2023-01-21 14:38:16,031 [INFO] IPUIPlugin:79 - create IPUIPlugin
2023-01-21 14:38:16,032 [INFO] PluginManager:219 - loadIPPluginJar : add dma3
2023-01-21 14:38:16,038 [INFO] IPUIPlugin:79 - create IPUIPlugin
2023-01-21 14:38:16,038 [INFO] PluginManager:219 - loadIPPluginJar : add linkedlist
2023-01-21 14:38:16,040 [INFO] IPUIPlugin:79 - create IPUIPlugin
2023-01-21 14:38:16,040 [INFO] PluginManager:219 - loadIPPluginJar : add openamp
2023-01-21 14:38:16,041 [INFO] IPUIPlugin:79 - create IPUIPlugin
2023-01-21 14:38:16,041 [INFO] PluginManager:219 - loadIPPluginJar : add tsc
2023-01-21 14:38:16,043 [INFO] IPUIPlugin:79 - create IPUIPlugin
2023-01-21 14:38:16,043 [INFO] PluginManager:219 - loadIPPluginJar : add tim
2023-01-21 14:38:16,044 [INFO] IPUIPlugin:79 - create IPUIPlugin
2023-01-21 14:38:16,044 [INFO] PluginManager:219 - loadIPPluginJar : add dfsdm
2023-01-21 14:38:16,046 [INFO] IPUIPlugin:79 - create IPUIPlugin
2023-01-21 14:38:16,046 [INFO] PluginManager:219 - loadIPPluginJar : add aes
2023-01-21 14:38:16,048 [INFO] IPUIPlugin:79 - create IPUIPlugin
2023-01-21 14:38:16,048 [INFO] PluginManager:219 - loadIPPluginJar : add hash
2023-01-21 14:38:16,051 [INFO] IPUIPlugin:79 - create IPUIPlugin
2023-01-21 14:38:16,051 [INFO] PluginManager:219 - loadIPPluginJar : add ipddr
2023-01-21 14:38:16,056 [INFO] IPUIPlugin:79 - create IPUIPlugin
2023-01-21 14:38:16,058 [INFO] PluginManager:219 - loadIPPluginJar : add plateformsettings
2023-01-21 14:38:16,158 [INFO] CADModel:164 - CPN selected for project level
2023-01-21 14:38:16,158 [INFO] CADModel:113 - Register for checkConnection events
2023-01-21 14:38:16,159 [FATAL] Updater:308 - Updater called before beeing initialized
2023-01-21 14:38:16,159 [ERROR] CADModel:124 - Updater not yet initialized, retry later 
2023-01-21 14:38:16,289 [INFO] CADModel:164 - CPN selected for project level
2023-01-21 14:38:16,289 [INFO] CADModel:113 - Register for checkConnection events
2023-01-21 14:38:16,289 [FATAL] Updater:308 - Updater called before beeing initialized
2023-01-21 14:38:16,289 [ERROR] CADModel:124 - Updater not yet initialized, retry later 
2023-01-21 14:38:16,292 [FATAL] Updater:308 - Updater called before beeing initialized
2023-01-21 14:38:16,357 [FATAL] Updater:308 - Updater called before beeing initialized
2023-01-21 14:38:16,363 [INFO] DbMcusAds:52 - JSON generation date=Wed Jan 18 23:17:18 KST 2023 (1674051438939)
2023-01-21 14:38:16,363 [FATAL] Updater:308 - Updater called before beeing initialized
2023-01-21 14:38:16,397 [WARN] DetailPanel:344 - Failed to get advertising image, set to default
2023-01-21 14:38:16,500 [FATAL] Updater:308 - Updater called before beeing initialized
2023-01-21 14:38:16,502 [FATAL] Updater:308 - Updater called before beeing initialized
2023-01-21 14:38:16,502 [FATAL] Updater:308 - Updater called before beeing initialized
2023-01-21 14:38:16,502 [WARN] DetailPanel:344 - Failed to get advertising image, set to default
2023-01-21 14:38:16,503 [FATAL] Updater:308 - Updater called before beeing initialized
2023-01-21 14:38:16,546 [ERROR] Updater:1120 - MainUpdater not yet initialized. External WinMGr cannot be set.
2023-01-21 14:38:16,549 [INFO] Updater:1056 - Updater Version found : 6.7.0
2023-01-21 14:38:16,568 [INFO] ApplicationProperties:181 - Using Application install path: /opt/st/stm32cubeide_1.11.0/plugins/com.st.stm32cube.common.mx_6.7.0.202211181646
2023-01-21 14:38:16,821 [INFO] MainUpdater:2800 - connection check result : 10
2023-01-21 14:38:16,822 [INFO] MainUpdater:282 - Updater Check For Update Now.
2023-01-21 14:38:16,822 [INFO] MicroXplorer:481 - Change Database Version : DB.6.0.70
2023-01-21 14:38:16,982 [INFO] CheckServerUpdateThread:119 - End of CheckServer Thread
2023-01-21 14:38:17,041 [INFO] MainUpdater:2800 - connection check result : 10
2023-01-21 14:38:17,379 [INFO] ApiDb:580 - Connected to CubeFinder SQLite database (/home/delcoii/.stmcufinder/plugins/mcufinder/mcu/cube-finder-db.db)
2023-01-21 14:38:17,426 [INFO] ApiDb:667 - CubeFinder database Data Model version=2.1
2023-01-21 14:38:17,426 [INFO] ApiDb:668 - CubeFinder database Configuration version=3.0.35
2023-01-21 14:38:17,426 [INFO] ApiDb:669 - CubeFinder database generation date=2023-01-11 (1673424164)
2023-01-21 14:38:17,426 [INFO] ApiDb:670 - CubeFinder database FW Pack versions=[FP-ATR-ASTRA1_V1.1.1, STM32Cube_FW_C0_V1.0.0, STM32Cube_FW_F4_V1.27.1, STM32Cube_FW_F7_V1.17.0, STM32Cube_FW_G0_V1.6.1, STM32Cube_FW_G4_V1.5.0, STM32Cube_FW_H5_V0.5.1, STM32Cube_FW_H7_V1.11.0, STM32Cube_FW_L5_V1.5.0, STM32Cube_FW_U5_V1.1.1, STM32Cube_FW_WBA_V0.2.0, STM32Cube_FW_WB_V1.15.0, STM32Cube_FW_WB_V1.15.0RC1, STM32Cube_FW_WL_V1.3.0, X-CUBE-ALGOBUILD_V1.3.0, X-CUBE-ALS_V1.0.1, X-CUBE-AZRTOS-F4_V1.1.0, X-CUBE-AZRTOS-F7_V1.1.0, X-CUBE-AZRTOS-G0_V1.1.0, X-CUBE-AZRTOS-G4_V1.0.0, X-CUBE-AZRTOS-H7_V2.1.0, X-CUBE-AZRTOS-L4_V1.0.0, X-CUBE-AZRTOS-L5_V1.0.0, X-CUBE-AZRTOS-WL_V1.0.0, X-CUBE-BLE1_V6.2.4, X-CUBE-BLE2_V3.3.0, X-CUBE-BLEMGR_V1.3.0, X-CUBE-EEPRMA1_V4.1.0, X-CUBE-GNSS1_V6.0.0, X-CUBE-MEMS1_V9.1.0, X-CUBE-MEMS1_V9.3.0, X-CUBE-MEMS1_V9.4.0, X-CUBE-NFC4_V3.0.0, X-CUBE-NFC7_V1.0.0, X-CUBE-SFXS2LP1_V4.0.0, X-CUBE-SUBG2_V5.0.0]
2023-01-21 14:38:18,599 [WARN] PackLoader:242 - Cannot read IP mode file for STMicroelectronics.X-CUBE-GNSS1.6.0.0
2023-01-21 14:38:18,633 [WARN] PackLoader:242 - Cannot read IP mode file for STMicroelectronics.X-CUBE-AZRTOS-F4.1.1.0
2023-01-21 14:38:18,676 [WARN] PackLoader:242 - Cannot read IP mode file for STMicroelectronics.X-CUBE-AZRTOS-F7.1.1.0
2023-01-21 14:38:18,686 [WARN] PackLoader:242 - Cannot read IP mode file for STMicroelectronics.X-CUBE-BLE1.6.2.4
2023-01-21 14:38:18,701 [WARN] PackLoader:242 - Cannot read IP mode file for emotas.I-CUBE-CANOPEN.1.1.3
2023-01-21 14:38:18,711 [WARN] PackLoader:242 - Cannot read IP mode file for STMicroelectronics.X-CUBE-NFC4.2.0.5
2023-01-21 14:38:18,716 [WARN] PackLoader:242 - Cannot read IP mode file for wolfSSL.I-CUBE-wolfSSL.5.5.3
2023-01-21 14:38:18,723 [WARN] PackLoader:242 - Cannot read IP mode file for STMicroelectronics.X-CUBE-NFC7.1.0.0
2023-01-21 14:38:18,734 [WARN] PackLoader:242 - Cannot read IP mode file for STMicroelectronics.X-CUBE-EEPRMA1.4.1.0
2023-01-21 14:38:18,742 [WARN] PackLoader:242 - Cannot read IP mode file for STMicroelectronics.X-CUBE-SFXS2LP1.4.0.0
2023-01-21 14:38:18,747 [WARN] PackLoader:242 - Cannot read IP mode file for STMicroelectronics.X-CUBE-BLE2.3.3.0
2023-01-21 14:38:18,753 [WARN] PackLoader:242 - Cannot read IP mode file for STMicroelectronics.X-CUBE-DISPLAY.2.2.0
2023-01-21 14:38:18,769 [WARN] PackLoader:242 - Cannot read IP mode file for STMicroelectronics.X-CUBE-TOF1.3.2.0
2023-01-21 14:38:18,805 [WARN] PackLoader:242 - Cannot read IP mode file for STMicroelectronics.X-CUBE-AZRTOS-H7.3.0.0
2023-01-21 14:38:18,812 [WARN] PackLoader:242 - Cannot read IP mode file for STMicroelectronics.X-CUBE-ISPU.1.1.0
2023-01-21 14:38:18,820 [WARN] PackLoader:242 - Cannot read IP mode file for RoweBots.I-CUBE-UNISONRTOS.5.5.0-4
2023-01-21 14:38:18,825 [WARN] PackLoader:242 - Cannot read IP mode file for STMicroelectronics.X-CUBE-TOUCHGFX.4.21.1
2023-01-21 14:38:18,829 [WARN] PackLoader:242 - Cannot read IP mode file for STMicroelectronics.X-CUBE-TOUCHGFX.4.21.0
2023-01-21 14:38:18,874 [WARN] PackLoader:242 - Cannot read IP mode file for STMicroelectronics.X-CUBE-MEMS1.9.4.0
2023-01-21 14:38:19,026 [WARN] PackLoader:242 - Cannot read IP mode file for STMicroelectronics.X-CUBE-AI.7.3.0
2023-01-21 14:38:19,026 [INFO] ApiDb:239 - Found 143 in-development CPN: [B-WB1M-WPAN1, B-WL5M-SUBG1, NUCLEO-C031C6, STEVAL-PROTEUS1, STEVAL-STWINBX1, STM320518-EVAL, STM32C0116-DK, STM32C011D6Y3TR, STM32C011D6Y6TR, STM32C011F4P3, STM32C011F4P6, STM32C011F4U3, STM32C011F4U6TR, STM32C011F6P3, STM32C011F6P6, STM32C011F6U3, STM32C011F6U6TR, STM32C011J4M3, STM32C011J4M6, STM32C011J6M3, STM32C011J6M6, STM32C0316-DK, STM32C031C4T3, STM32C031C4T6, STM32C031C4U3, STM32C031C4U6, STM32C031C6T3, STM32C031C6T6, STM32C031C6U3, STM32C031C6U6, STM32C031F4P3, STM32C031F4P6, STM32C031F6P3, STM32C031F6P6, STM32C031G4U3, STM32C031G4U6, STM32C031G6U3, STM32C031G6U6, STM32C031K4T3, STM32C031K4T6, STM32C031K4U3, STM32C031K4U6, STM32C031K6T3, STM32C031K6T6, STM32C031K6U3, STM32C031K6U6, STM32G071K8TXN, STM32G071K8UXN, STM32G081GBU6N, STM32G081KBT6N, STM32G081KBUXN, STM32G0B1CCT6N, STM32G0B1KCT6, STM32G0B1NEY6TR, STM32G0B1RCT6N, STM32G0C1CCT6, STM32G0C1CCT6N, STM32G0C1CCU6N, STM32G0C1CET6N, STM32G0C1CEU6N, STM32G0C1KCT6, STM32G0C1NEY6TR, STM32G0C1RCI6N, STM32G0C1RCT6N, STM32G0C1REI6N, STM32G0C1RET6N, STM32G0C1VCI6, STM32G0C1VEI6, STM32G471CCT6, STM32G471CCU6, STM32G471CET3, STM32G471CET6, STM32G471CEU3, STM32G471CEU6, STM32G471MCT6, STM32G471MET3, STM32G471MET6, STM32G471MEY6TR, STM32G471QCT6, STM32G471QET3, STM32G471RCT6, STM32G471RET3, STM32G471RET6, STM32G471VCH6, STM32G471VCI6, STM32G471VCT6, STM32G471VEH3, STM32G471VEH6, STM32G471VEI3, STM32G471VEI6, STM32G471VET3, STM32G471VET6, STM32G474CCT6, STM32L476VGY6PTR, STM32L4R5QGI6STR, STM32MP131AAE3, STM32MP131AAF3, STM32MP131AAG3, STM32MP131CAE3, STM32MP131CAF3, STM32MP131CAG3, STM32MP131DAE7, STM32MP131DAF7, STM32MP131DAG7, STM32MP131FAE7, STM32MP131FAF7, STM32MP131FAG7, STM32MP133AAE3, STM32MP133AAF3, STM32MP133AAG3, STM32MP133CAE3, STM32MP133CAF3, STM32MP133CAG3, STM32MP133DAE7, STM32MP133DAF7, STM32MP133DAG7, STM32MP133FAE7, STM32MP133FAF7, STM32MP133FAG7, STM32MP135AAE3, STM32MP135AAF3, STM32MP135AAG3, STM32MP135CAE3, STM32MP135CAF3, STM32MP135CAG3, STM32MP135DAE7, STM32MP135DAF7, STM32MP135DAG7, STM32MP135F-DK, STM32MP135FAE7, STM32MP135FAF7, STM32MP135FAF7T, STM32MP135FAF7U, STM32MP135FAG7, STM32U595ZJT6Q, STM32U599BJY6QTR, STM32U599NIH6Q, STM32U599NJH6Q, STM32U5A5ZJT6Q, STM32U5A9BJY6QTR, STM32U5A9NJH6Q, STM32WB1MMCH6, STM32WL5MOCH6TR]
2023-01-21 14:38:19,031 [WARN] PackLoader:242 - Cannot read IP mode file for STMicroelectronics.X-CUBE-ALGOBUILD.1.3.0
2023-01-21 14:38:19,032 [INFO] DbMcus:215 - Found 3582 MCUs, 3582 are supported
2023-01-21 14:38:19,036 [INFO] ApiDb:422 - Load user favorites file /home/delcoii/.stm32cubeide/favorites.mcus.txt: 0 item(s)
2023-01-21 14:38:19,036 [INFO] ApiDb:426 - User favorites MCUs=[]
2023-01-21 14:38:19,037 [INFO] DbMcus:221 - Set 0 / 0 favorites MCUs
2023-01-21 14:38:19,045 [WARN] PackLoader:242 - Cannot read IP mode file for STMicroelectronics.X-CUBE-AZRTOS-L5.1.1.0
2023-01-21 14:38:19,062 [WARN] PackLoader:242 - Cannot read IP mode file for STMicroelectronics.X-CUBE-AZRTOS-G0.1.1.0
2023-01-21 14:38:19,073 [WARN] PackLoader:242 - Cannot read IP mode file for STMicroelectronics.X-CUBE-SUBG2.5.0.0
2023-01-21 14:38:19,083 [WARN] PackLoader:242 - Cannot read IP mode file for STMicroelectronics.X-CUBE-NFC4.3.0.0
2023-01-21 14:38:19,088 [WARN] PackLoader:242 - Cannot read IP mode file for STMicroelectronics.FP-ATR-ASTRA1.1.1.1
2023-01-21 14:38:19,097 [WARN] PackLoader:242 - Cannot read IP mode file for STMicroelectronics.X-CUBE-BLEMGR.1.3.0
2023-01-21 14:38:19,136 [WARN] PackLoader:242 - Cannot read IP mode file for STMicroelectronics.X-CUBE-AZRTOS-G4.1.0.0
2023-01-21 14:38:19,143 [WARN] PackLoader:242 - Cannot read IP mode file for STMicroelectronics.FP-ATR-SIGFOX1.3.2.0
2023-01-21 14:38:19,171 [WARN] PackLoader:242 - Cannot read IP mode file for STMicroelectronics.X-CUBE-AZRTOS-L4.1.0.0
2023-01-21 14:38:19,211 [WARN] PackLoader:242 - Cannot read IP mode file for STMicroelectronics.X-CUBE-AZRTOS-WL.1.0.0
2023-01-21 14:38:19,221 [WARN] PackLoader:242 - Cannot read IP mode file for portGmbH.I-Cube-SoM-uGOAL.1.1.0
2023-01-21 14:38:19,228 [WARN] PackLoader:242 - Cannot read IP mode file for STMicroelectronics.X-CUBE-ALS.1.0.1
2023-01-21 14:38:19,245 [WARN] PackLoader:242 - Cannot read IP mode file for STMicroelectronics.X-CUBE-AZRTOS-WB.1.1.0
2023-01-21 14:38:19,291 [WARN] PackLoader:242 - Cannot read IP mode file for SEGGER.I-CUBE-embOS.1.3.0
2023-01-21 14:38:19,361 [INFO] ThirdParty:947 - Integrity check success = true
2023-01-21 14:38:19,362 [INFO] IntegrityCheckThread:98 - exiting critical section [integrity check]
2023-01-21 14:38:19,362 [INFO] IntegrityCheckThread:101 - End integrity checks thread
2023-01-21 14:38:19,495 [INFO] McuFinderGlobals:65 - Set McuFinderConnectedMode to true
2023-01-21 14:38:19,516 [INFO] MultiScanPanel:196 - Auto-refresh data requested => check proxy status ongoing
2023-01-21 14:38:19,519 [INFO] FinderPluginLoader:92 - Searching for filters in installed packs
2023-01-21 14:38:20,820 [INFO] LoadUrlFilesThread:179 - End of LoadServerUrlFiles without Thread
2023-01-21 14:38:20,860 [INFO] DetailPanel:339 - Set advertising image to /home/delcoii/STM32Cube/Repository//en.prom-stm32c0-0123.jpg
2023-01-21 14:38:21,498 [INFO] ApiDb:667 - CubeFinder database Data Model version=2.1
2023-01-21 14:38:21,498 [INFO] ApiDb:668 - CubeFinder database Configuration version=3.0.35
2023-01-21 14:38:21,499 [INFO] ApiDb:669 - CubeFinder database generation date=2023-01-11 (1673424164)
2023-01-21 14:38:21,499 [INFO] ApiDb:670 - CubeFinder database FW Pack versions=[FP-ATR-ASTRA1_V1.1.1, STM32Cube_FW_C0_V1.0.0, STM32Cube_FW_F4_V1.27.1, STM32Cube_FW_F7_V1.17.0, STM32Cube_FW_G0_V1.6.1, STM32Cube_FW_G4_V1.5.0, STM32Cube_FW_H5_V0.5.1, STM32Cube_FW_H7_V1.11.0, STM32Cube_FW_L5_V1.5.0, STM32Cube_FW_U5_V1.1.1, STM32Cube_FW_WBA_V0.2.0, STM32Cube_FW_WB_V1.15.0, STM32Cube_FW_WB_V1.15.0RC1, STM32Cube_FW_WL_V1.3.0, X-CUBE-ALGOBUILD_V1.3.0, X-CUBE-ALS_V1.0.1, X-CUBE-AZRTOS-F4_V1.1.0, X-CUBE-AZRTOS-F7_V1.1.0, X-CUBE-AZRTOS-G0_V1.1.0, X-CUBE-AZRTOS-G4_V1.0.0, X-CUBE-AZRTOS-H7_V2.1.0, X-CUBE-AZRTOS-L4_V1.0.0, X-CUBE-AZRTOS-L5_V1.0.0, X-CUBE-AZRTOS-WL_V1.0.0, X-CUBE-BLE1_V6.2.4, X-CUBE-BLE2_V3.3.0, X-CUBE-BLEMGR_V1.3.0, X-CUBE-EEPRMA1_V4.1.0, X-CUBE-GNSS1_V6.0.0, X-CUBE-MEMS1_V9.1.0, X-CUBE-MEMS1_V9.3.0, X-CUBE-MEMS1_V9.4.0, X-CUBE-NFC4_V3.0.0, X-CUBE-NFC7_V1.0.0, X-CUBE-SFXS2LP1_V4.0.0, X-CUBE-SUBG2_V5.0.0]
2023-01-21 14:38:21,556 [INFO] DbBoardsSqlite:225 - include board P-NUCLEO-WB55-NUCLEO as a kit item of type 'Nucleo-64'
2023-01-21 14:38:21,557 [INFO] DbBoardsSqlite:225 - include board P-NUCLEO-WB55-USBDONGLE as a kit item of type 'Nucleo USB Dongle'
2023-01-21 14:38:21,557 [INFO] DbBoardsSqlite:225 - include board STEVAL-IDP005V1 as a kit item of type 'Evaluation Board'
2023-01-21 14:38:21,558 [INFO] DbBoardsSqlite:225 - include board STEVAL-IDP005V2 as a kit item of type 'Evaluation Board'
2023-01-21 14:38:21,579 [INFO] ApiDb:239 - Found 143 in-development CPN: [B-WB1M-WPAN1, B-WL5M-SUBG1, NUCLEO-C031C6, STEVAL-PROTEUS1, STEVAL-STWINBX1, STM320518-EVAL, STM32C0116-DK, STM32C011D6Y3TR, STM32C011D6Y6TR, STM32C011F4P3, STM32C011F4P6, STM32C011F4U3, STM32C011F4U6TR, STM32C011F6P3, STM32C011F6P6, STM32C011F6U3, STM32C011F6U6TR, STM32C011J4M3, STM32C011J4M6, STM32C011J6M3, STM32C011J6M6, STM32C0316-DK, STM32C031C4T3, STM32C031C4T6, STM32C031C4U3, STM32C031C4U6, STM32C031C6T3, STM32C031C6T6, STM32C031C6U3, STM32C031C6U6, STM32C031F4P3, STM32C031F4P6, STM32C031F6P3, STM32C031F6P6, STM32C031G4U3, STM32C031G4U6, STM32C031G6U3, STM32C031G6U6, STM32C031K4T3, STM32C031K4T6, STM32C031K4U3, STM32C031K4U6, STM32C031K6T3, STM32C031K6T6, STM32C031K6U3, STM32C031K6U6, STM32G071K8TXN, STM32G071K8UXN, STM32G081GBU6N, STM32G081KBT6N, STM32G081KBUXN, STM32G0B1CCT6N, STM32G0B1KCT6, STM32G0B1NEY6TR, STM32G0B1RCT6N, STM32G0C1CCT6, STM32G0C1CCT6N, STM32G0C1CCU6N, STM32G0C1CET6N, STM32G0C1CEU6N, STM32G0C1KCT6, STM32G0C1NEY6TR, STM32G0C1RCI6N, STM32G0C1RCT6N, STM32G0C1REI6N, STM32G0C1RET6N, STM32G0C1VCI6, STM32G0C1VEI6, STM32G471CCT6, STM32G471CCU6, STM32G471CET3, STM32G471CET6, STM32G471CEU3, STM32G471CEU6, STM32G471MCT6, STM32G471MET3, STM32G471MET6, STM32G471MEY6TR, STM32G471QCT6, STM32G471QET3, STM32G471RCT6, STM32G471RET3, STM32G471RET6, STM32G471VCH6, STM32G471VCI6, STM32G471VCT6, STM32G471VEH3, STM32G471VEH6, STM32G471VEI3, STM32G471VEI6, STM32G471VET3, STM32G471VET6, STM32G474CCT6, STM32L476VGY6PTR, STM32L4R5QGI6STR, STM32MP131AAE3, STM32MP131AAF3, STM32MP131AAG3, STM32MP131CAE3, STM32MP131CAF3, STM32MP131CAG3, STM32MP131DAE7, STM32MP131DAF7, STM32MP131DAG7, STM32MP131FAE7, STM32MP131FAF7, STM32MP131FAG7, STM32MP133AAE3, STM32MP133AAF3, STM32MP133AAG3, STM32MP133CAE3, STM32MP133CAF3, STM32MP133CAG3, STM32MP133DAE7, STM32MP133DAF7, STM32MP133DAG7, STM32MP133FAE7, STM32MP133FAF7, STM32MP133FAG7, STM32MP135AAE3, STM32MP135AAF3, STM32MP135AAG3, STM32MP135CAE3, STM32MP135CAF3, STM32MP135CAG3, STM32MP135DAE7, STM32MP135DAF7, STM32MP135DAG7, STM32MP135F-DK, STM32MP135FAE7, STM32MP135FAF7, STM32MP135FAF7T, STM32MP135FAF7U, STM32MP135FAG7, STM32U595ZJT6Q, STM32U599BJY6QTR, STM32U599NIH6Q, STM32U599NJH6Q, STM32U5A5ZJT6Q, STM32U5A9BJY6QTR, STM32U5A9NJH6Q, STM32WB1MMCH6, STM32WL5MOCH6TR]
2023-01-21 14:38:21,704 [INFO] BoardInfo:879 - No configuration file found for board P-NUCLEO-WB55
2023-01-21 14:38:21,705 [INFO] DbBoards:156 - Kit is not supported: P-NUCLEO-WB55
2023-01-21 14:38:21,707 [INFO] BoardInfo:879 - No configuration file found for board STEVAL-BFA001V1B
2023-01-21 14:38:21,707 [INFO] DbBoards:156 - Kit is not supported: STEVAL-BFA001V1B
2023-01-21 14:38:21,708 [INFO] BoardInfo:879 - No configuration file found for board STEVAL-BFA001V2B
2023-01-21 14:38:21,708 [INFO] DbBoards:156 - Kit is not supported: STEVAL-BFA001V2B
2023-01-21 14:38:21,788 [INFO] DbBoards:160 - Found 179 boards, 176 are supported
2023-01-21 14:38:21,805 [INFO] ApiDb:422 - Load user favorites file /home/delcoii/.stm32cubeide/favorites.boards.txt: 2 item(s)
2023-01-21 14:38:21,806 [INFO] ApiDb:426 - User favorites Boards=[NUCLEO-F446RE, NUCLEO-L432KC]
2023-01-21 14:38:21,806 [INFO] DbBoards:189 - Set 2 / 2 favorites Boards
2023-01-21 14:38:57,790 [INFO] MainUpdater:2800 - connection check result : 10
2023-01-21 14:38:57,792 [INFO] MainUpdater:2800 - connection check result : 10
2023-01-21 14:38:57,815 [INFO] MicroXplorer:451 - Change Database Path : 
2023-01-21 14:38:57,816 [INFO] MicroXplorer:481 - Change Database Version : DB.6.0.70
2023-01-21 14:38:57,817 [WARN] ThirdParty:845 - waiting for thirdparty lock release [close project]
2023-01-21 14:38:57,817 [INFO] ThirdParty:847 - entering critical section [close project]
2023-01-21 14:38:57,819 [INFO] ThirdParty:857 - exiting critical section [close project]
2023-01-21 14:38:57,824 [INFO] PinOutPanel:1477 - setPackage(No Configuration,No Configuration)
2023-01-21 14:38:57,832 [INFO] UtilMem:74 - Begin LoadConfig() Used Memory: 285084672 Bytes (395313152)
2023-01-21 14:38:57,835 [INFO] MicroXplorer:451 - Change Database Path : 
2023-01-21 14:38:57,835 [INFO] MicroXplorer:481 - Change Database Version : DB.6.0.70
2023-01-21 14:38:57,835 [INFO] OpenFileManager:307 - Change cursor
2023-01-21 14:38:57,870 [INFO] Mcu:1925 - Initializing MCU STM32F446R(C-E)Tx STM32F446RETx STM32F446RET6
2023-01-21 14:38:59,842 [INFO] Context:654 - Trying to add GPIOservice into a context  which must be forbidden
2023-01-21 14:39:00,736 [INFO] RtosManager:489 - Registered RTOS mode: class=CMSIS, group=RTOS, mode=CMSIS_V1, owner=FREERTOS
2023-01-21 14:39:00,736 [INFO] RtosManager:489 - Registered RTOS mode: class=CMSIS, group=RTOS2, mode=CMSIS_V2, owner=FREERTOS
2023-01-21 14:39:00,736 [INFO] RtosManager:489 - Registered RTOS mode: class=RTOS, group=Core, mode=CMSIS_V1, owner=FREERTOS
2023-01-21 14:39:00,737 [INFO] RtosManager:489 - Registered RTOS mode: class=RTOS, group=Core, mode=CMSIS_V2, owner=FREERTOS
2023-01-21 14:39:00,737 [WARN] ModelIntegratedComponent:185 - Missing modes for component STMicroelectronics:FreeRTOS:0.0.1:STMicroelectronics:RTOS:FreeRTOS:Core:::10.2.0:
2023-01-21 14:39:00,747 [WARN] ModelIntegratedComponent:64 - No mode defined for component null
2023-01-21 14:39:00,748 [WARN] ModelIntegratedComponent:64 - No mode defined for component null
2023-01-21 14:39:00,748 [WARN] ModelIntegratedComponent:64 - No mode defined for component null
2023-01-21 14:39:00,748 [WARN] ModelIntegratedComponent:64 - No mode defined for component null
2023-01-21 14:39:00,748 [WARN] ModelIntegratedComponent:64 - No mode defined for component null
2023-01-21 14:39:00,748 [WARN] ModelIntegratedComponent:64 - No mode defined for component null
2023-01-21 14:39:00,748 [WARN] ModelIntegratedComponent:64 - No mode defined for component null
2023-01-21 14:39:00,748 [WARN] ModelIntegratedComponent:64 - No mode defined for component null
2023-01-21 14:39:00,748 [WARN] ModelIntegratedComponent:64 - No mode defined for component null
2023-01-21 14:39:00,748 [WARN] ModelIntegratedComponent:64 - No mode defined for component null
2023-01-21 14:39:00,748 [WARN] ModelIntegratedComponent:64 - No mode defined for component null
2023-01-21 14:39:00,748 [WARN] ModelIntegratedComponent:64 - No mode defined for component null
2023-01-21 14:39:00,748 [WARN] ModelIntegratedComponent:64 - No mode defined for component null
2023-01-21 14:39:00,748 [WARN] ModelIntegratedComponent:64 - No mode defined for component null
2023-01-21 14:39:00,748 [WARN] ModelIntegratedComponent:64 - No mode defined for component null
2023-01-21 14:39:00,748 [WARN] ModelIntegratedComponent:64 - No mode defined for component null
2023-01-21 14:39:00,748 [WARN] ModelIntegratedComponent:64 - No mode defined for component null
2023-01-21 14:39:00,748 [WARN] ModelIntegratedComponent:64 - No mode defined for component null
2023-01-21 14:39:00,748 [WARN] ModelIntegratedComponent:64 - No mode defined for component null
2023-01-21 14:39:00,748 [WARN] ModelIntegratedComponent:64 - No mode defined for component null
2023-01-21 14:39:00,748 [WARN] ModelIntegratedComponent:64 - No mode defined for component null
2023-01-21 14:39:00,748 [WARN] ModelIntegratedComponent:64 - No mode defined for component null
2023-01-21 14:39:00,749 [WARN] ModelIntegratedComponent:64 - No mode defined for component null
2023-01-21 14:39:00,749 [WARN] ModelIntegratedComponent:64 - No mode defined for component null
2023-01-21 14:39:00,749 [WARN] ModelIntegratedComponent:64 - No mode defined for component null
2023-01-21 14:39:00,749 [WARN] ModelIntegratedComponent:64 - No mode defined for component null
2023-01-21 14:39:00,749 [WARN] ModelIntegratedComponent:64 - No mode defined for component null
2023-01-21 14:39:00,749 [WARN] ModelIntegratedComponent:64 - No mode defined for component null
2023-01-21 14:39:00,749 [WARN] ModelIntegratedComponent:64 - No mode defined for component null
2023-01-21 14:39:00,749 [WARN] ModelIntegratedComponent:64 - No mode defined for component null
2023-01-21 14:39:00,749 [WARN] ModelIntegratedComponent:64 - No mode defined for component null
2023-01-21 14:39:00,749 [WARN] ModelIntegratedComponent:64 - No mode defined for component null
2023-01-21 14:39:00,749 [WARN] ModelIntegratedComponent:64 - No mode defined for component null
2023-01-21 14:39:00,787 [INFO] ThirdPartyModel:294 - Start build external matchings
2023-01-21 14:39:01,025 [INFO] ThirdPartyModel:310 - End build external matchings
2023-01-21 14:39:01,045 [INFO] ImportTextPane:193 - (OptionalMessage_ERROR) IP (RCC) : Invalid parameter (48MHZClocksFreq_Value)
2023-01-21 14:39:01,045 [INFO] ImportTextPane:193 - (OptionalMessage_ERROR) IP (RCC) : Invalid parameter (EthernetFreq_Value)
2023-01-21 14:39:01,048 [INFO] ImportTextPane:193 - (OptionalMessage_ERROR) IP (RCC) : Parameter (FLatency) has Id (AdvancedSettings) currently not set
2023-01-21 14:39:01,048 [INFO] ImportTextPane:193 - (OptionalMessage_ERROR) IP (RCC) : Invalid parameter (FamilyName)
2023-01-21 14:39:01,048 [INFO] ImportTextPane:193 - (OptionalMessage_ERROR) IP (RCC) : Invalid parameter (I2SClocksFreq_Value)
2023-01-21 14:39:01,050 [INFO] ImportTextPane:193 - (OptionalMessage_ERROR) IP (RCC) : Parameter (SDIOFreq_Value) has invalid value (168000000)
2023-01-21 14:39:01,050 [INFO] ImportTextPane:193 - (OptionalMessage_ERROR) IP (RCC) : Parameter (USBFreq_Value) has invalid value (168000000)
2023-01-21 14:39:01,051 [INFO] ImportTextPane:193 - (OptionalMessage_ERROR) IP (RCC) : Invalid parameter (VCOInputMFreq_Value)
2023-01-21 14:39:01,051 [INFO] ImportTextPane:193 - (OptionalMessage_ERROR) IP (RCC) : Invalid parameter (VcooutputI2S)
2023-01-21 14:39:01,279 [INFO] UtilMem:74 - End LoadConfig() Used Memory: 302874984 Bytes (562036736)
2023-01-21 14:39:01,385 [WARN] ThirdParty:807 - waiting for thirdparty lock release [change project]
2023-01-21 14:39:01,385 [INFO] ThirdParty:809 - entering critical section [change project]
2023-01-21 14:39:01,385 [INFO] ThirdParty:999 - CMSIS Pack Vendor :STMicroelectronics X-CUBE-ISPU 1.1.0
2023-01-21 14:39:01,385 [INFO] ThirdParty:999 - CMSIS Pack Vendor :RoweBots I-CUBE-UNISONRTOS 5.5.0-4
2023-01-21 14:39:01,385 [INFO] ThirdParty:999 - CMSIS Pack Vendor :STMicroelectronics X-CUBE-GNSS1 6.0.0
2023-01-21 14:39:01,385 [INFO] ThirdParty:999 - CMSIS Pack Vendor :STMicroelectronics USB_HOST 2.0.0
2023-01-21 14:39:01,385 [INFO] ThirdParty:999 - CMSIS Pack Vendor :STMicroelectronics X-CUBE-AZRTOS-F4 1.1.0
2023-01-21 14:39:01,385 [INFO] ThirdParty:999 - CMSIS Pack Vendor :STMicroelectronics LIBJPEG 8.0.0
2023-01-21 14:39:01,385 [INFO] ThirdParty:999 - CMSIS Pack Vendor :STMicroelectronics USB_DEVICE 3.0.0
2023-01-21 14:39:01,385 [INFO] ThirdParty:999 - CMSIS Pack Vendor :STMicroelectronics X-CUBE-TOUCHGFX 4.21.1
2023-01-21 14:39:01,386 [INFO] ThirdParty:999 - CMSIS Pack Vendor :STMicroelectronics X-CUBE-TOUCHGFX 4.21.0
2023-01-21 14:39:01,386 [INFO] ThirdParty:999 - CMSIS Pack Vendor :STMicroelectronics X-CUBE-AZRTOS-F7 1.1.0
2023-01-21 14:39:01,386 [INFO] ThirdParty:999 - CMSIS Pack Vendor :STMicroelectronics X-CUBE-MEMS1 9.4.0
2023-01-21 14:39:01,386 [INFO] ThirdParty:999 - CMSIS Pack Vendor :STMicroelectronics USB_DEVICE 2.0.0
2023-01-21 14:39:01,386 [INFO] ThirdParty:999 - CMSIS Pack Vendor :STMicroelectronics X-CUBE-AI 7.3.0
2023-01-21 14:39:01,386 [INFO] ThirdParty:999 - CMSIS Pack Vendor :STMicroelectronics X-CUBE-ALGOBUILD 1.3.0
2023-01-21 14:39:01,386 [INFO] ThirdParty:999 - CMSIS Pack Vendor :STMicroelectronics X-CUBE-BLE1 6.2.4
2023-01-21 14:39:01,386 [INFO] ThirdParty:999 - CMSIS Pack Vendor :STMicroelectronics X-CUBE-AZRTOS-L5 1.1.0
2023-01-21 14:39:01,386 [INFO] ThirdParty:999 - CMSIS Pack Vendor :STMicroelectronics FreeRTOS 0.0.1
2023-01-21 14:39:01,386 [INFO] ThirdParty:999 - CMSIS Pack Vendor :emotas I-CUBE-CANOPEN 1.1.3
2023-01-21 14:39:01,386 [INFO] ThirdParty:999 - CMSIS Pack Vendor :STMicroelectronics X-CUBE-AZRTOS-G0 1.1.0
2023-01-21 14:39:01,386 [INFO] ThirdParty:999 - CMSIS Pack Vendor :STMicroelectronics X-CUBE-SUBG2 5.0.0
2023-01-21 14:39:01,386 [INFO] ThirdParty:999 - CMSIS Pack Vendor :STMicroelectronics X-CUBE-NFC4 3.0.0
2023-01-21 14:39:01,386 [INFO] ThirdParty:999 - CMSIS Pack Vendor :STMicroelectronics STM32_WPAN 1.0.0
2023-01-21 14:39:01,386 [INFO] ThirdParty:999 - CMSIS Pack Vendor :STMicroelectronics lwIP 2.0.3
2023-01-21 14:39:01,386 [INFO] ThirdParty:999 - CMSIS Pack Vendor :STMicroelectronics X-CUBE-NFC4 2.0.5
2023-01-21 14:39:01,386 [INFO] ThirdParty:999 - CMSIS Pack Vendor :STMicroelectronics USB_HOST 1.0.0
2023-01-21 14:39:01,386 [INFO] ThirdParty:999 - CMSIS Pack Vendor :STMicroelectronics PDM2PCM 3.1.0
2023-01-21 14:39:01,386 [INFO] ThirdParty:999 - CMSIS Pack Vendor :STMicroelectronics FP-ATR-ASTRA1 1.1.1
2023-01-21 14:39:01,386 [INFO] ThirdParty:999 - CMSIS Pack Vendor :STMicroelectronics PDM2PCM 3.3.0
2023-01-21 14:39:01,386 [INFO] ThirdParty:999 - CMSIS Pack Vendor :STMicroelectronics X-CUBE-BLEMGR 1.3.0
2023-01-21 14:39:01,386 [INFO] ThirdParty:999 - CMSIS Pack Vendor :wolfSSL I-CUBE-wolfSSL 5.5.3
2023-01-21 14:39:01,386 [INFO] ThirdParty:999 - CMSIS Pack Vendor :STMicroelectronics X-CUBE-AZRTOS-G4 1.0.0
2023-01-21 14:39:01,386 [INFO] ThirdParty:999 - CMSIS Pack Vendor :STMicroelectronics FP-ATR-SIGFOX1 3.2.0
2023-01-21 14:39:01,386 [INFO] ThirdParty:999 - CMSIS Pack Vendor :STMicroelectronics X-CUBE-AZRTOS-L4 1.0.0
2023-01-21 14:39:01,386 [INFO] ThirdParty:999 - CMSIS Pack Vendor :STMicroelectronics HAL Drivers 0.0.0
2023-01-21 14:39:01,387 [INFO] ThirdParty:999 - CMSIS Pack Vendor :STMicroelectronics MBEDTLS 2.16.2
2023-01-21 14:39:01,387 [INFO] ThirdParty:999 - CMSIS Pack Vendor :STMicroelectronics MBEDTLS 2.14.1
2023-01-21 14:39:01,387 [INFO] ThirdParty:999 - CMSIS Pack Vendor :STMicroelectronics X-CUBE-NFC7 1.0.0
2023-01-21 14:39:01,387 [INFO] ThirdParty:999 - CMSIS Pack Vendor :STMicroelectronics X-CUBE-AZRTOS-WL 1.0.0
2023-01-21 14:39:01,387 [INFO] ThirdParty:999 - CMSIS Pack Vendor :STMicroelectronics X-CUBE-EEPRMA1 4.1.0
2023-01-21 14:39:01,387 [INFO] ThirdParty:999 - CMSIS Pack Vendor :portGmbH I-Cube-SoM-uGOAL 1.1.0
2023-01-21 14:39:01,387 [INFO] ThirdParty:999 - CMSIS Pack Vendor :STMicroelectronics X-CUBE-ALS 1.0.1
2023-01-21 14:39:01,387 [INFO] ThirdParty:999 - CMSIS Pack Vendor :STMicroelectronics ThreadX 1.0.0
2023-01-21 14:39:01,387 [INFO] ThirdParty:999 - CMSIS Pack Vendor :STMicroelectronics X-CUBE-AZRTOS-WB 1.1.0
2023-01-21 14:39:01,387 [INFO] ThirdParty:999 - CMSIS Pack Vendor :STMicroelectronics USB_DEVICE 1.0.0
2023-01-21 14:39:01,387 [INFO] ThirdParty:999 - CMSIS Pack Vendor :SEGGER I-CUBE-embOS 1.3.0
2023-01-21 14:39:01,387 [INFO] ThirdParty:999 - CMSIS Pack Vendor :STMicroelectronics ThreadX 0.0.2
2023-01-21 14:39:01,387 [INFO] ThirdParty:999 - CMSIS Pack Vendor :STMicroelectronics lwIP 2.1.2
2023-01-21 14:39:01,388 [INFO] ThirdParty:999 - CMSIS Pack Vendor :STMicroelectronics X-CUBE-SFXS2LP1 4.0.0
2023-01-21 14:39:01,388 [INFO] ThirdParty:999 - CMSIS Pack Vendor :STMicroelectronics X-CUBE-BLE2 3.3.0
2023-01-21 14:39:01,388 [INFO] ThirdParty:999 - CMSIS Pack Vendor :STMicroelectronics X-CUBE-DISPLAY 2.2.0
2023-01-21 14:39:01,388 [INFO] ThirdParty:999 - CMSIS Pack Vendor :STMicroelectronics X-CUBE-TOF1 3.2.0
2023-01-21 14:39:01,388 [INFO] ThirdParty:999 - CMSIS Pack Vendor :STMicroelectronics PDM2PCM 3.2.0
2023-01-21 14:39:01,388 [INFO] ThirdParty:999 - CMSIS Pack Vendor :STMicroelectronics X-CUBE-AZRTOS-H7 3.0.0
2023-01-21 14:39:01,388 [INFO] ThirdParty:815 - exiting critical section [change project]
2023-01-21 14:39:01,829 [INFO] PinOutPanel:1477 - setPackage(No Configuration,No Configuration)
2023-01-21 14:39:01,831 [INFO] PinOutPanel:1477 - setPackage(STM32F446RETx,LQFP64)
2023-01-21 14:39:02,535 [INFO] UtilMem:74 - Before build in PCC Used Memory: 381610784 Bytes (562036736)
2023-01-21 14:39:03,360 [INFO] UtilMem:74 - After build in PCC Used Memory: 351634032 Bytes (562036736)
2023-01-21 14:39:03,414 [INFO] IPUIPlugin:79 - create IPUIPlugin
2023-01-21 14:39:03,414 [INFO] IPUIPlugin:79 - create IPUIPlugin
2023-01-21 14:39:03,415 [INFO] IPUIPlugin:79 - create IPUIPlugin
2023-01-21 14:39:03,415 [INFO] IPUIPlugin:79 - create IPUIPlugin
2023-01-21 14:39:03,415 [INFO] IPUIPlugin:79 - create IPUIPlugin
2023-01-21 14:39:03,416 [INFO] IPUIPlugin:79 - create IPUIPlugin
2023-01-21 14:39:03,416 [INFO] IPUIPlugin:79 - create IPUIPlugin
2023-01-21 14:39:03,416 [INFO] IPUIPlugin:79 - create IPUIPlugin
2023-01-21 14:39:03,416 [INFO] IPUIPlugin:79 - create IPUIPlugin
2023-01-21 14:39:03,417 [INFO] IPUIPlugin:79 - create IPUIPlugin
2023-01-21 14:39:03,417 [INFO] IPUIPlugin:79 - create IPUIPlugin
2023-01-21 14:39:03,417 [INFO] IPUIPlugin:79 - create IPUIPlugin
2023-01-21 14:39:03,418 [INFO] IPUIPlugin:79 - create IPUIPlugin
2023-01-21 14:39:03,418 [INFO] IPUIPlugin:79 - create IPUIPlugin
2023-01-21 14:39:03,418 [INFO] IPUIPlugin:79 - create IPUIPlugin
2023-01-21 14:39:03,418 [INFO] IPUIPlugin:79 - create IPUIPlugin
2023-01-21 14:39:03,418 [INFO] IPUIPlugin:79 - create IPUIPlugin
2023-01-21 14:39:03,418 [INFO] IPUIPlugin:79 - create IPUIPlugin
2023-01-21 14:39:03,419 [INFO] IPUIPlugin:79 - create IPUIPlugin
2023-01-21 14:39:03,419 [INFO] IPUIPlugin:79 - create IPUIPlugin
2023-01-21 14:39:03,419 [INFO] IPUIPlugin:79 - create IPUIPlugin
2023-01-21 14:39:03,419 [INFO] IPUIPlugin:79 - create IPUIPlugin
2023-01-21 14:39:03,420 [INFO] IPUIPlugin:79 - create IPUIPlugin
2023-01-21 14:39:03,420 [INFO] IPUIPlugin:79 - create IPUIPlugin
2023-01-21 14:39:03,420 [INFO] IPUIPlugin:79 - create IPUIPlugin
2023-01-21 14:39:03,420 [INFO] IPUIPlugin:79 - create IPUIPlugin
2023-01-21 14:39:03,421 [INFO] IPUIPlugin:79 - create IPUIPlugin
2023-01-21 14:39:03,421 [INFO] IPUIPlugin:79 - create IPUIPlugin
2023-01-21 14:39:03,421 [INFO] IPUIPlugin:79 - create IPUIPlugin
2023-01-21 14:39:03,422 [INFO] IPUIPlugin:79 - create IPUIPlugin
2023-01-21 14:39:03,422 [INFO] IPUIPlugin:79 - create IPUIPlugin
2023-01-21 14:39:03,423 [INFO] IPUIPlugin:79 - create IPUIPlugin
2023-01-21 14:39:03,423 [INFO] IPUIPlugin:79 - create IPUIPlugin
2023-01-21 14:39:03,423 [INFO] IPUIPlugin:79 - create IPUIPlugin
2023-01-21 14:39:03,423 [INFO] IPUIPlugin:79 - create IPUIPlugin
2023-01-21 14:39:03,423 [INFO] IPUIPlugin:79 - create IPUIPlugin
2023-01-21 14:39:03,424 [INFO] IPUIPlugin:79 - create IPUIPlugin
2023-01-21 14:39:03,424 [INFO] IPUIPlugin:79 - create IPUIPlugin
2023-01-21 14:39:03,425 [INFO] IPUIPlugin:79 - create IPUIPlugin
2023-01-21 14:39:03,425 [INFO] IPUIPlugin:79 - create IPUIPlugin
2023-01-21 14:39:03,426 [INFO] IPUIPlugin:79 - create IPUIPlugin
2023-01-21 14:39:03,426 [INFO] IPUIPlugin:79 - create IPUIPlugin
2023-01-21 14:39:03,426 [INFO] IPUIPlugin:79 - create IPUIPlugin
2023-01-21 14:39:03,427 [INFO] IPUIPlugin:79 - create IPUIPlugin
2023-01-21 14:39:03,428 [INFO] IPUIPlugin:79 - create IPUIPlugin
2023-01-21 14:39:03,428 [INFO] IPUIPlugin:79 - create IPUIPlugin
2023-01-21 14:39:03,428 [INFO] IPUIPlugin:79 - create IPUIPlugin
2023-01-21 14:39:03,429 [INFO] IPUIPlugin:79 - create IPUIPlugin
2023-01-21 14:39:03,429 [INFO] IPUIPlugin:79 - create IPUIPlugin
2023-01-21 14:39:03,430 [INFO] IPUIPlugin:79 - create IPUIPlugin
2023-01-21 14:39:03,430 [INFO] IPUIPlugin:79 - create IPUIPlugin
2023-01-21 14:39:03,431 [INFO] IPUIPlugin:79 - create IPUIPlugin
2023-01-21 14:39:03,431 [INFO] IPUIPlugin:79 - create IPUIPlugin
2023-01-21 14:39:03,431 [INFO] IPUIPlugin:79 - create IPUIPlugin
2023-01-21 14:39:03,432 [INFO] IPUIPlugin:79 - create IPUIPlugin
2023-01-21 14:39:03,432 [INFO] IPUIPlugin:79 - create IPUIPlugin
2023-01-21 14:39:03,433 [INFO] IPUIPlugin:79 - create IPUIPlugin
2023-01-21 14:39:03,434 [INFO] IPUIPlugin:79 - create IPUIPlugin
2023-01-21 14:39:03,435 [INFO] IPUIPlugin:79 - create IPUIPlugin
2023-01-21 14:39:03,435 [INFO] IPUIPlugin:79 - create IPUIPlugin
2023-01-21 14:39:03,520 [INFO] ApiDbMcu:505 - Load IP Config File for PDM2PCM
2023-01-21 14:39:03,849 [INFO] CADModel:164 - CPN selected for project levelSTM32F446RET6
2023-01-21 14:39:03,850 [INFO] CADModel:113 - Register for checkConnection events
2023-01-21 14:39:03,893 [INFO] OpenFileManager:327 - Restore cursor
2023-01-21 14:39:04,790 [INFO] UtilMem:74 - End SaveConfig() Used Memory: 404948984 Bytes (562036736)
2023-01-21 14:39:04,832 [INFO] UtilMem:74 - End SaveConfig() Used Memory: 424871928 Bytes (562036736)
2023-01-21 14:39:05,547 [INFO] BlockDiagram:2759 - set Specific Code input for plugin: TIM1_8
2023-01-21 14:39:05,547 [INFO] BlockDiagram:2759 - set Specific Code input for plugin: SYS
2023-01-21 14:39:05,547 [INFO] BlockDiagram:2759 - set Specific Code input for plugin: ADC
2023-01-21 14:39:05,547 [INFO] BlockDiagram:2759 - set Specific Code input for plugin: RCC
2023-01-21 14:39:05,547 [INFO] BlockDiagram:2759 - set Specific Code input for plugin: NVIC
2023-01-21 14:39:05,547 [INFO] BlockDiagram:2759 - set Specific Code input for plugin: USART
2023-01-21 14:39:05,550 [INFO] BlockDiagram:2759 - set Specific Code input for plugin: GPIO
2023-01-21 14:39:05,551 [INFO] CodeGenerator:692 - code generatio: config db path: /opt/st/stm32cubeide_1.11.0/plugins/com.st.stm32cube.common.mx_6.7.0.202211181646//db/
2023-01-21 14:39:05,862 [INFO] CodeEngine:247 - oldGeneratedFile, /home/delcoii/MiniSuperCar/SingleMotorTest/MXTmpFiles/license.tmp_save
2023-01-21 14:39:06,239 [INFO] CodeEngine:271 - Generated code: /home/delcoii/MiniSuperCar/SingleMotorTest/MXTmpFiles/license.tmp
2023-01-21 14:39:06,307 [INFO] CodeEngine:247 - oldGeneratedFile, /home/delcoii/MiniSuperCar/SingleMotorTest/Core/Src/gpio.c_save
2023-01-21 14:39:06,525 [INFO] CodeEngine:271 - Generated code: /home/delcoii/MiniSuperCar/SingleMotorTest/Core/Src/gpio.c
2023-01-21 14:39:06,527 [INFO] CodeEngine:247 - oldGeneratedFile, /home/delcoii/MiniSuperCar/SingleMotorTest/Core/Inc/gpio.h_save
2023-01-21 14:39:06,651 [INFO] CodeEngine:271 - Generated code: /home/delcoii/MiniSuperCar/SingleMotorTest/Core/Inc/gpio.h
2023-01-21 14:39:06,958 [INFO] CodeEngine:247 - oldGeneratedFile, /home/delcoii/MiniSuperCar/SingleMotorTest/Core/Src/adc.c_save
2023-01-21 14:39:07,142 [INFO] CodeEngine:271 - Generated code: /home/delcoii/MiniSuperCar/SingleMotorTest/Core/Src/adc.c
2023-01-21 14:39:07,145 [INFO] CodeEngine:247 - oldGeneratedFile, /home/delcoii/MiniSuperCar/SingleMotorTest/Core/Inc/adc.h_save
2023-01-21 14:39:07,211 [INFO] CodeEngine:271 - Generated code: /home/delcoii/MiniSuperCar/SingleMotorTest/Core/Inc/adc.h
2023-01-21 14:39:07,214 [INFO] CodeEngine:247 - oldGeneratedFile, /home/delcoii/MiniSuperCar/SingleMotorTest/Core/Src/tim.c_save
2023-01-21 14:39:07,317 [INFO] CodeEngine:271 - Generated code: /home/delcoii/MiniSuperCar/SingleMotorTest/Core/Src/tim.c
2023-01-21 14:39:07,319 [INFO] CodeEngine:247 - oldGeneratedFile, /home/delcoii/MiniSuperCar/SingleMotorTest/Core/Inc/tim.h_save
2023-01-21 14:39:07,388 [INFO] CodeEngine:271 - Generated code: /home/delcoii/MiniSuperCar/SingleMotorTest/Core/Inc/tim.h
2023-01-21 14:39:07,393 [INFO] CodeEngine:247 - oldGeneratedFile, /home/delcoii/MiniSuperCar/SingleMotorTest/Core/Src/usart.c_save
2023-01-21 14:39:07,512 [INFO] CodeEngine:271 - Generated code: /home/delcoii/MiniSuperCar/SingleMotorTest/Core/Src/usart.c
2023-01-21 14:39:07,514 [INFO] CodeEngine:247 - oldGeneratedFile, /home/delcoii/MiniSuperCar/SingleMotorTest/Core/Inc/usart.h_save
2023-01-21 14:39:07,573 [INFO] CodeEngine:271 - Generated code: /home/delcoii/MiniSuperCar/SingleMotorTest/Core/Inc/usart.h
2023-01-21 14:39:07,577 [INFO] CodeEngine:247 - oldGeneratedFile, /home/delcoii/MiniSuperCar/SingleMotorTest/Core/Src/stm32f4xx_it.c_save
2023-01-21 14:39:07,671 [INFO] CodeEngine:271 - Generated code: /home/delcoii/MiniSuperCar/SingleMotorTest/Core/Src/stm32f4xx_it.c
2023-01-21 14:39:07,672 [INFO] CodeEngine:247 - oldGeneratedFile, /home/delcoii/MiniSuperCar/SingleMotorTest/Core/Inc/stm32f4xx_it.h_save
2023-01-21 14:39:07,744 [INFO] CodeEngine:271 - Generated code: /home/delcoii/MiniSuperCar/SingleMotorTest/Core/Inc/stm32f4xx_it.h
2023-01-21 14:39:07,748 [INFO] CodeEngine:247 - oldGeneratedFile, /home/delcoii/MiniSuperCar/SingleMotorTest/Core/Src/stm32f4xx_hal_msp.c_save
2023-01-21 14:39:07,840 [INFO] CodeEngine:271 - Generated code: /home/delcoii/MiniSuperCar/SingleMotorTest/Core/Src/stm32f4xx_hal_msp.c
2023-01-21 14:39:07,841 [INFO] CodeEngine:247 - oldGeneratedFile, /home/delcoii/MiniSuperCar/SingleMotorTest/MXTmpFiles/system.tmp_save
2023-01-21 14:39:07,888 [INFO] CodeEngine:271 - Generated code: /home/delcoii/MiniSuperCar/SingleMotorTest/MXTmpFiles/system.tmp
2023-01-21 14:39:07,892 [INFO] CodeEngine:303 - oldGeneratedFile, /home/delcoii/MiniSuperCar/SingleMotorTest/Core/Inc/stm32f4xx_hal_conf.h_save
2023-01-21 14:39:07,963 [INFO] CodeEngine:327 - Generated code: /home/delcoii/MiniSuperCar/SingleMotorTest/Core/Inc/stm32f4xx_hal_conf.h
2023-01-21 14:39:08,007 [WARN] IPConfigManager:2928 - Warning: the RefConfig PLL2P_FOR_MCO is not available in your config.xml file
2023-01-21 14:39:08,016 [INFO] CodeEngine:247 - oldGeneratedFile, /home/delcoii/MiniSuperCar/SingleMotorTest/Core/Inc/main.h_save
2023-01-21 14:39:08,105 [INFO] CodeEngine:271 - Generated code: /home/delcoii/MiniSuperCar/SingleMotorTest/Core/Inc/main.h
2023-01-21 14:39:08,107 [INFO] CodeEngine:247 - oldGeneratedFile, /home/delcoii/MiniSuperCar/SingleMotorTest/Core/Src/main.c_save
2023-01-21 14:39:08,212 [INFO] CodeEngine:271 - Generated code: /home/delcoii/MiniSuperCar/SingleMotorTest/Core/Src/main.c
2023-01-21 14:39:08,718 [INFO] ProjectBuilder:2919 - Time for Copy HAL[1] : 78mS.
2023-01-21 14:39:08,726 [INFO] ProjectBuilder:4183 - Project Generator version: 3.18.0-B7
2023-01-21 14:39:09,109 [INFO] ConfigFileManager:1396 - The Die is : DIE421
2023-01-21 14:39:09,127 [INFO] ApiDbMcu:505 - Load IP Config File for FATFS
2023-01-21 14:39:09,133 [INFO] ApiDbMcu:505 - Load IP Config File for FREERTOS
2023-01-21 14:39:09,134 [INFO] ApiDbMcu:505 - Load IP Config File for LIBJPEG
2023-01-21 14:39:09,141 [INFO] ApiDbMcu:505 - Load IP Config File for MBEDTLS
2023-01-21 14:39:09,148 [INFO] ApiDbMcu:505 - Load IP Config File for USB_DEVICE
2023-01-21 14:39:09,152 [INFO] ApiDbMcu:505 - Load IP Config File for USB_HOST
2023-01-21 14:39:10,638 [INFO] ProjectBuilder:4351 - Time for Generating toolchain IDE Files: 1912mS.
2023-01-21 14:39:10,638 [INFO] ProjectBuilder:2790 - Time for Copy CMSIS : 0mS.
2023-01-21 14:39:10,639 [INFO] ProjectBuilder:2790 - Time for Copy CMSIS : 0mS.
2023-01-21 14:39:10,899 [INFO] McuFinderGlobals:65 - Set McuFinderConnectedMode to true
2023-01-21 14:39:10,901 [INFO] ApiDb:447 - Save user favorites file /home/delcoii/.stm32cubeide/favorites.mcus.txt: 0 item(s)
2023-01-21 14:39:10,901 [INFO] ApiDb:451 - User favorites MCUs=[]
2023-01-21 14:47:11,333 [INFO] JxBrowserEngine:114 - Initiate JxBrowser Engine with user profile folder
2023-01-21 14:47:12,276 [INFO] WebAppUi:459 - Close the Jxbrowser engine manually
2023-01-21 14:47:12,281 [INFO] WebAppUi:462 - Profiles folder deleted
2023-01-21 14:47:12,570 [ERROR] LogOutputStream:74 - [STDERR_REDIRECT] 
2023-01-21 14:47:20,712 [INFO] Activator:179 - 


2023-01-21 14:47:20,712 [INFO] Activator:180 - !SESSION log4j initialized
2023-01-21 14:47:45,311 [ERROR] LogOutputStream:74 - [STDERR_REDIRECT] SLF4J: Failed to load class "org.slf4j.impl.StaticLoggerBinder".
2023-01-21 14:47:45,312 [ERROR] LogOutputStream:74 - [STDERR_REDIRECT] SLF4J: Defaulting to no-operation (NOP) logger implementation
2023-01-21 14:47:45,312 [ERROR] LogOutputStream:74 - [STDERR_REDIRECT] SLF4J: See http://www.slf4j.org/codes.html#StaticLoggerBinder for further details.
2023-01-21 16:05:36,498 [INFO] Activator:179 - 


2023-01-21 16:05:36,499 [INFO] Activator:180 - !SESSION log4j initialized
2023-01-21 16:06:59,354 [INFO] Activator:179 - 


2023-01-21 16:06:59,355 [INFO] Activator:180 - !SESSION log4j initialized
2023-01-21 16:11:43,929 [INFO] Activator:179 - 


2023-01-21 16:11:43,929 [INFO] Activator:180 - !SESSION log4j initialized
2023-01-21 16:16:07,668 [INFO] Activator:179 - 


2023-01-21 16:16:07,670 [INFO] Activator:180 - !SESSION log4j initialized
2023-01-21 16:18:11,442 [INFO] Activator:179 - 


2023-01-21 16:18:11,443 [INFO] Activator:180 - !SESSION log4j initialized
